[debug] [2025-05-10T18:40:04.892Z] ----------------------------------------------------------------------
[debug] [2025-05-10T18:40:04.903Z] Command:       C:\Program Files\nodejs\node.exe C:\Users\Cc\AppData\Roaming\npm\node_modules\firebase-tools\lib\bin\firebase.js init
[debug] [2025-05-10T18:40:04.905Z] CLI Version:   14.3.1
[debug] [2025-05-10T18:40:04.905Z] Platform:      win32
[debug] [2025-05-10T18:40:04.906Z] Node Version:  v22.12.0
[debug] [2025-05-10T18:40:04.907Z] Time:          Sat May 10 2025 23:40:04 GMT+0500 (Pakistan Standard Time)
[debug] [2025-05-10T18:40:04.908Z] ----------------------------------------------------------------------
[debug] 
[debug] [2025-05-10T18:40:04.926Z] > command requires scopes: ["email","openid","https://www.googleapis.com/auth/cloudplatformprojects.readonly","https://www.googleapis.com/auth/firebase","https://www.googleapis.com/auth/cloud-platform"]
[debug] [2025-05-10T18:40:04.927Z] > authorizing via signed-in user (adnankharadi8@gmail.com)
[info] 
     ######## #### ########  ######## ########     ###     ######  ########
     ##        ##  ##     ## ##       ##     ##  ##   ##  ##       ##
     ######    ##  ########  ######   ########  #########  ######  ######
     ##        ##  ##    ##  ##       ##     ## ##     ##       ## ##
     ##       #### ##     ## ######## ########  ##     ##  ######  ########

You're about to initialize a Firebase project in this directory:

  C:\Users\Cc\Downloads\todo-app

[info] 
=== Project Setup
[info] 
[info] First, let's associate this project directory with a Firebase project.
[info] You can create multiple project aliases by running firebase use --add, 
[info] but for now we'll just set up a default project.
[info] 
[debug] [2025-05-10T18:41:22.418Z] Checked if tokens are valid: true, expires at: 1746905869263
[debug] [2025-05-10T18:41:22.418Z] Checked if tokens are valid: true, expires at: 1746905869263
[debug] [2025-05-10T18:41:22.421Z] >>> [apiv2][query] GET https://firebase.googleapis.com/v1beta1/projects pageSize=100
[debug] [2025-05-10T18:41:23.471Z] <<< [apiv2][status] GET https://firebase.googleapis.com/v1beta1/projects 200
[debug] [2025-05-10T18:41:23.471Z] <<< [apiv2][body] GET https://firebase.googleapis.com/v1beta1/projects [omitted]
[info] i  Using project todo-app-mod-a (Todo App ) 
[info] 
=== Hosting Setup
[debug] [2025-05-10T18:41:27.607Z] Checked if tokens are valid: true, expires at: 1746905869263
[debug] [2025-05-10T18:41:27.608Z] Checked if tokens are valid: true, expires at: 1746905869263
[debug] [2025-05-10T18:41:27.609Z] >>> [apiv2][query] GET https://firebase.googleapis.com/v1beta1/projects/todo-app-mod-a [none]
[debug] [2025-05-10T18:41:27.930Z] <<< [apiv2][status] GET https://firebase.googleapis.com/v1beta1/projects/todo-app-mod-a 200
[debug] [2025-05-10T18:41:27.931Z] <<< [apiv2][body] GET https://firebase.googleapis.com/v1beta1/projects/todo-app-mod-a {"projectId":"todo-app-mod-a","projectNumber":"237128034605","displayName":"Todo App ","name":"projects/todo-app-mod-a","resources":{"hostingSite":"todo-app-mod-a"},"state":"ACTIVE","etag":"1_cde3b161-740c-4332-8a5f-fbbd0eac03cb"}
[info] 
[info] Your public directory is the folder (relative to your project directory) that
[info] will contain Hosting assets to be uploaded with firebase deploy. If you
[info] have a build process for your assets, use your build's output directory.
[info] 
[debug] [2025-05-10T18:44:11.544Z] >>> [apiv2][query] GET https://www.gstatic.com/firebasejs/releases.json [none]
[debug] [2025-05-10T18:44:11.793Z] <<< [apiv2][status] GET https://www.gstatic.com/firebasejs/releases.json 200
[debug] [2025-05-10T18:44:11.794Z] <<< [apiv2][body] GET https://www.gstatic.com/firebasejs/releases.json {"current":{"version":"11.7.1","browserURL":"https://www.gstatic.com/firebasejs/11.7.1/firebase.js","packageURL":"https://www.gstatic.com/firebasejs/11.7.1/firebase.tgz"},"live":{"version":"11.7","browserURL":"https://www.gstatic.com/firebasejs/live/11.7/firebase.js","packageURL":"https://www.gstatic.com/firebasejs/live/11.7/firebase.tgz"},"components":{"analytics":"https://www.gstatic.com/firebasejs/11.7.1/firebase-analytics.js","app":"https://www.gstatic.com/firebasejs/11.7.1/firebase-app.js","app-check":"https://www.gstatic.com/firebasejs/11.7.1/firebase-app-check.js","auth":"https://www.gstatic.com/firebasejs/11.7.1/firebase-auth.js","auth/cordova":"https://www.gstatic.com/firebasejs/11.7.1/firebase-auth/cordova.js","auth/web-extension":"https://www.gstatic.com/firebasejs/11.7.1/firebase-auth/web-extension.js","functions":"https://www.gstatic.com/firebasejs/11.7.1/firebase-functions.js","firestore":"https://www.gstatic.com/firebasejs/11.7.1/firebase-firestore.js","firestore/lite":"https://www.gstatic.com/firebasejs/11.7.1/firebase-firestore/lite.js","installations":"https://www.gstatic.com/firebasejs/11.7.1/firebase-installations.js","storage":"https://www.gstatic.com/firebasejs/11.7.1/firebase-storage.js","performance":"https://www.gstatic.com/firebasejs/11.7.1/firebase-performance.js","remote-config":"https://www.gstatic.com/firebasejs/11.7.1/firebase-remote-config.js","messaging":"https://www.gstatic.com/firebasejs/11.7.1/firebase-messaging.js","messaging/sw":"https://www.gstatic.com/firebasejs/11.7.1/firebase-messaging/sw.js","database":"https://www.gstatic.com/firebasejs/11.7.1/firebase-database.js","vertexai":"https://www.gstatic.com/firebasejs/11.7.1/firebase-vertexai.js","data-connect":"https://www.gstatic.com/firebasejs/11.7.1/firebase-data-connect.js","firestore.memory":"https://www.gstatic.com/firebasejs/11.7.1/firebase-firestore.memory.js"}}
[info] i  Skipping write of public/index.html 
[info] 
[info] i  Writing configuration info to firebase.json... 
[info] i  Writing project information to .firebaserc... 
[info] i  Writing gitignore file to .gitignore... 
[info] 
[info] +  Firebase initialization complete! 
